1.34 0.986
1.383 0.996
1.488 1.028
1.38 1.026
1.396 0.999
1.452 1.052
1.387 1.009
1.303 1.026
1.365 1.039
1.376 1.016
1.372 1.036
1.034 0.963
1.276 1.029
1.609 1.012
1.333 0.996
1.499 0.999
1.373 0.987
1.356 0.986
1.433 0.874
1.269 0.92
1.503 0.825
1.3 0.999
1.07 0.861
1.324 1.045
1.368 0.914
1.159 0.92
0.8 0.746
1.403 0.795
1.684 0.871
1.286 1.062
1.149 0.91
1.004 0.802
1.124 0.891
1.572 1.141
0.794 0.789
1.294 1.039
1.362 0.871
1.246 0.881
1.231 0.713
1.206 0.884
0.745 0.756
1.238 0.818
0.985 0.841
1.258 0.953
0.694 0.835
0.882 0.758
1.092 0.881
1.162 0.825
1.263 1.042
0.912 0.868
1.5 0.808
1.05 0.828
1.187 0.812
1.301 1.036
1.237 0.874
0.831 0.831
1.12 0.798
1.327 1.088
0.642 0.828
1.173 0.729
0.776 0.706
1.201 0.828
0.855 0.777
1.263 1.042
0.96 0.854
1.221 0.999
0.677 0.535
1.183 0.726
0.807 0.657
1.004 0.854
0.685 0.739
1.044 0.673
1.051 0.871
0.493 0.718
1.155 0.914
1.438 1.122
1.015 0.779
0.945 0.845
1.183 0.808
1.221 0.828
1.067 0.789
1.181 0.999
0.948 0.667
0.983 0.838
0.696 0.245
0.551 0.723
1.052 0.657
1.002 0.785
0.801 0.782
1.043 0.769
0.987 0.815
0.931 0.66
1.029 0.893
0.741 0.851
0.813 0.604
0.549 0.331
1.092 0.815
0.611 0.486
0.569 0.232
0.446 0.677
0.837 0.815
0.393 0.397
0.673 0.508
1.057 0.571
0.764 0.551
0.96 0.469
0.947 0.874
0.96 0.805
0.574 0.637
0.657 0.672
0.45 0.571
0.0 0.268
0.879 0.477
0.138 0.366
0.331 0.38
0.85 0.815
1.1 0.785
0.38 0.375
0.886 0.752
0.308 0.428
0.512 0.581
0.57 0.489
0.204 0.39
0.921 0.815
0.562 0.723
1.043 0.574
0.094 0.357
0.385 0.308
0.268 0.242
0.949 0.831
0.71 0.555
0.35 0.192
0.82 0.739
0.336 0.532
0.811 0.0
0.332 0.443
0.913 0.644
0.578 0.426
0.275 0.41
0.755 0.588
0.073 0.443
0.274 0.505
0.274 0.555
0.489 0.168
0.046 0.38
0.366 0.433
0.323 0.449
1.041 0.538
0.619 0.44
0.191 0.495
0.287 0.463
0.359 0.614
0.476 0.499
0.35 0.361
0.026 0.105
0.306 0.295
